2021-02-15 13:06:32,178 INFO Set uid to user 0 succeeded
2021-02-15 13:06:32,326 INFO supervisord started with pid 10
2021-02-15 13:06:33,329 INFO spawned: 'php' with pid 12
2021-02-15 13:06:34,331 INFO success: php entered RUNNING state, process has stayed up for > than 1 seconds (startsecs)
2021-02-15 13:07:19,919 INFO Set uid to user 0 succeeded
2021-02-15 13:07:19,921 INFO supervisord started with pid 10
2021-02-15 13:07:20,924 INFO spawned: 'php' with pid 12
2021-02-15 13:07:22,695 INFO success: php entered RUNNING state, process has stayed up for > than 1 seconds (startsecs)
2021-02-15 13:13:46,314 INFO Set uid to user 0 succeeded
2021-02-15 13:13:46,424 INFO supervisord started with pid 9
2021-02-15 13:13:47,427 INFO spawned: 'php' with pid 11
2021-02-15 13:13:48,428 INFO success: php entered RUNNING state, process has stayed up for > than 1 seconds (startsecs)
2021-02-15 13:36:46,101 INFO Set uid to user 0 succeeded
2021-02-15 13:36:46,113 INFO supervisord started with pid 11
2021-02-15 13:36:47,117 INFO spawned: 'php' with pid 13
2021-02-15 13:36:48,119 INFO success: php entered RUNNING state, process has stayed up for > than 1 seconds (startsecs)
2021-02-15 13:37:29,276 INFO Set uid to user 0 succeeded
2021-02-15 13:37:29,280 INFO supervisord started with pid 10
2021-02-15 13:37:30,283 INFO spawned: 'php' with pid 12
2021-02-15 13:37:31,566 INFO success: php entered RUNNING state, process has stayed up for > than 1 seconds (startsecs)
2021-02-15 14:07:48,386 INFO Set uid to user 0 succeeded
2021-02-15 14:07:48,471 INFO supervisord started with pid 10
2021-02-15 14:07:49,473 INFO spawned: 'php' with pid 12
2021-02-15 14:07:50,474 INFO success: php entered RUNNING state, process has stayed up for > than 1 seconds (startsecs)
2021-02-15 17:19:52,943 INFO Set uid to user 0 succeeded
2021-02-15 17:19:53,305 INFO supervisord started with pid 10
2021-02-15 17:19:54,308 INFO spawned: 'php' with pid 12
2021-02-15 17:19:55,310 INFO success: php entered RUNNING state, process has stayed up for > than 1 seconds (startsecs)
2021-02-15 17:34:52,193 INFO Set uid to user 0 succeeded
2021-02-15 17:34:52,277 INFO supervisord started with pid 11
2021-02-15 17:34:53,280 INFO spawned: 'php' with pid 13
2021-02-15 17:34:54,282 INFO success: php entered RUNNING state, process has stayed up for > than 1 seconds (startsecs)
2021-02-15 18:08:55,971 INFO Set uid to user 0 succeeded
2021-02-15 18:08:56,122 INFO supervisord started with pid 11
2021-02-15 18:08:57,125 INFO spawned: 'php' with pid 13
2021-02-15 18:08:58,126 INFO success: php entered RUNNING state, process has stayed up for > than 1 seconds (startsecs)
2021-02-15 18:18:12,452 INFO Set uid to user 0 succeeded
2021-02-15 18:18:12,589 INFO supervisord started with pid 11
2021-02-15 18:18:13,664 INFO spawned: 'php' with pid 13
2021-02-15 18:18:14,666 INFO success: php entered RUNNING state, process has stayed up for > than 1 seconds (startsecs)
2021-02-15 23:35:29,534 INFO Set uid to user 0 succeeded
2021-02-15 23:35:29,837 INFO supervisord started with pid 10
2021-02-15 23:35:30,840 INFO spawned: 'php' with pid 12
2021-02-15 23:35:31,841 INFO success: php entered RUNNING state, process has stayed up for > than 1 seconds (startsecs)
2021-02-16 05:27:10,953 INFO exited: php (terminated by SIGTERM; not expected)
2021-02-16 05:27:11,042 WARN received SIGTERM indicating exit request
